                              1 ;--------------------------------------------------------
                              2 ; File Created by SDCC : FreeWare ANSI-C Compiler
                              3 ; Version 2.2.1 Sat Apr 20 09:47:57 2019
                              4 
                              5 ;--------------------------------------------------------
                              6 	.module lcc88000
                              7 	
                              8 ;--------------------------------------------------------
                              9 ; Public variables in this module
                             10 ;--------------------------------------------------------
                             11 	.globl _main
                             12 	.globl _printf
                             13 	.globl _main
                             14 ;--------------------------------------------------------
                             15 ; Externals used
                             16 ;--------------------------------------------------------
                             17 	.globl __io_out
                             18 	.globl __io_in
                             19 	.globl __io_status
                             20 	.globl _sys_time
                             21 	.globl __cpu
                             22 ;--------------------------------------------------------
                             23 ; special function registers
                             24 ;--------------------------------------------------------
                             25 ;--------------------------------------------------------
                             26 ; special function bits 
                             27 ;--------------------------------------------------------
                             28 ;--------------------------------------------------------
                             29 ; internal ram data
                             30 ;--------------------------------------------------------
                             31 	.area _DATA
                             32 ;--------------------------------------------------------
                             33 ; overlayable items in internal ram 
                             34 ;--------------------------------------------------------
                             35 	.area _OVERLAY
                             36 ;--------------------------------------------------------
                             37 ; indirectly addressable internal ram data
                             38 ;--------------------------------------------------------
                             39 	.area _ISEG
                             40 ;--------------------------------------------------------
                             41 ; bit data
                             42 ;--------------------------------------------------------
                             43 	.area _BSEG
                             44 ;--------------------------------------------------------
                             45 ; external ram data
                             46 ;--------------------------------------------------------
                             47 	.area _XSEG
                             48 ;--------------------------------------------------------
                             49 ; global & static initialisations
                             50 ;--------------------------------------------------------
                             51 	.area _GSINIT
                             52 	.area _GSFINAL
                             53 	.area _GSINIT
                             54 ;--------------------------------------------------------
                             55 ; Home
                             56 ;--------------------------------------------------------
                             57 	.area _HOME
                             58 	.area _CODE
                             59 ;--------------------------------------------------------
                             60 ; code
                             61 ;--------------------------------------------------------
                             62 	.area _CODE
                             63 ;	main.c 4
                             64 ; genLabel
                             65 ; genFunction
                             66 ;	---------------------------------
                             67 ; Function main
                             68 ; ---------------------------------
   0000                      69 ___main_start:
   0000                      70 _main:
                             71 	
                             72 ;	main.c 5
                             73 ; genIpush
   0000 21 0A 00             74 	ld	hl,#__str_0 + 0
   0003 E5                   75 	push	hl
                             76 ; genCall
   0004 CD 00 00             77 	call	_printf
   0007 E8 02                78 	lda	sp,2(sp)
                             79 ; genLabel
   0009                      80 00101$:
                             81 ; genEndFunction
                             82 	
   0009 C9                   83 	ret
   000A                      84 ___main_end:
   000A                      85 __str_0:
   000A 48 45 4C 4C 4F 20    86 	.ascii "HELLO WORLD"
        57 4F 52 4C 44
   0015 00                   87 	.db 0x00
                             88 	.area _CODE
ASxxxx Assembler V01.75  (GameBoy Z80-like CPU), page 1.

Symbol Table

  0 ___main_end                        000A R
  0 ___main_start                      0000 R
    __cpu                              **** GX
    __io_in                            **** GX
    __io_out                           **** GX
    __io_status                        **** GX
  0 __str_0                            000A R
  0 _main                              0000 GR
    _printf                            **** GX
    _sys_time                          **** GX

ASxxxx Assembler V01.75  (GameBoy Z80-like CPU), page 2.

Area Table

   0 _CODE                              size   16   flags 0
   1 _DATA                              size    0   flags 0
   2 _OVERLAY                           size    0   flags 0
   3 _ISEG                              size    0   flags 0
   4 _BSEG                              size    0   flags 0
   5 _XSEG                              size    0   flags 0
   6 _GSINIT                            size    0   flags 0
   7 _GSFINAL                           size    0   flags 0
   8 _HOME                              size    0   flags 0
